#
# There is insufficient memory for the Java Runtime Environment to continue.
# Native memory allocation (mmap) failed to map 266338304 bytes for G1 virtual space
# Possible reasons:
#   The system is out of physical RAM or swap space
#   The process is running with CompressedOops enabled, and the Java Heap may be blocking the growth of the native heap
# Possible solutions:
#   Reduce memory load on the system
#   Increase physical memory or swap space
#   Check if swap backing store is full
#   Decrease Java heap size (-Xmx/-Xms)
#   Decrease number of Java threads
#   Decrease Java thread stack sizes (-Xss)
#   Set larger code cache with -XX:ReservedCodeCacheSize=
#   JVM is running with Unscaled Compressed Oops mode in which the Java heap is
#     placed in the first 4GB address space. The Java Heap base address is the
#     maximum limit for the native heap growth. Please use -XX:HeapBaseMinAddress
#     to set the Java Heap base and to place the Java Heap above 4GB virtual address.
# This output file may be truncated or incomplete.
#
#  Out of Memory Error (os_windows.cpp:3548), pid=30616, tid=9268
#
# JRE version:  (17.0.12+8) (build )
# Java VM: Java HotSpot(TM) 64-Bit Server VM (17.0.12+8-LTS-286, mixed mode, sharing, tiered, compressed oops, compressed class ptrs, g1 gc, windows-amd64)
# No core dump will be written. Minidumps are not enabled by default on client versions of Windows
#

---------------  S U M M A R Y ------------

Command Line: -Dorg.gradle.internal.worker.tmpdir=D:\Ç×ÇØ99\1ÁÖÂ÷\hhplus-tdd-java\build\tmp\test\work -Dorg.gradle.native=false -javaagent:D:\Ç×ÇØ99\1ÁÖÂ÷\hhplus-tdd-java\build\tmp\.cache\expanded\zip_3a83c50b4a016f281c4e9f3500d16b55\jacocoagent.jar=destfile=build/jacoco/test.exec,append=true,inclnolocationclasses=false,dumponexit=true,output=file,jmx=false -Xmx512m -Dfile.encoding=UTF-8 -Duser.country=KR -Duser.language=ko -Duser.variant -ea worker.org.gradle.process.internal.worker.GradleWorkerMain 'Gradle Test Executor 3'

Host: Intel(R) Core(TM) i7-10510U CPU @ 1.80GHz, 8 cores, 15G,  Windows 11 , 64 bit Build 22000 (10.0.22000.2003)
Time: Mon Mar 24 22:23:53 2025  Windows 11 , 64 bit Build 22000 (10.0.22000.2003) elapsed time: 0.022832 seconds (0d 0h 0m 0s)

---------------  T H R E A D  ---------------

Current thread (0x000002e5c92c97d0):  JavaThread "Unknown thread" [_thread_in_vm, id=9268, stack(0x000000e89ea00000,0x000000e89eb00000)]

Stack: [0x000000e89ea00000,0x000000e89eb00000]
Native frames: (J=compiled Java code, j=interpreted, Vv=VM code, C=native code)
V  [jvm.dll+0x67a04a]
V  [jvm.dll+0x7da4ed]
V  [jvm.dll+0x7dbe33]
V  [jvm.dll+0x7dc4a3]
V  [jvm.dll+0x24508f]
V  [jvm.dll+0x677089]
V  [jvm.dll+0x66bd32]
V  [jvm.dll+0x301fa6]
V  [jvm.dll+0x309546]
V  [jvm.dll+0x359d2e]
V  [jvm.dll+0x359f5f]
V  [jvm.dll+0x2d9078]
V  [jvm.dll+0x2d9fe4]
V  [jvm.dll+0x7aca21]
V  [jvm.dll+0x367591]
V  [jvm.dll+0x78b999]
V  [jvm.dll+0x3ec83f]
V  [jvm.dll+0x3ee471]
C  [jli.dll+0x5297]
C  [ucrtbase.dll+0x26c0c]
C  [KERNEL32.DLL+0x155a0]
C  [ntdll.dll+0x485b]


---------------  P R O C E S S  ---------------

Threads class SMR info:
_java_thread_list=0x00007ffb4a677a18, length=0, elements={
}

Java Threads: ( => current thread )

Other Threads:
  0x000002e5c92f7360 GCTaskThread "GC Thread#0" [stack: 0x000000e89eb00000,0x000000e89ec00000] [id=28632]
  0x000002e5c92fd1c0 ConcurrentGCThread "G1 Main Marker" [stack: 0x000000e89ec00000,0x000000e89ed00000] [id=28044]
  0x000002e5c92fdc30 ConcurrentGCThread "G1 Conc#0" [stack: 0x000000e89ed00000,0x000000e89ee00000] [id=25508]

[error occurred during error reporting (printing all threads), id 0xc0000005, EXCEPTION_ACCESS_VIOLATION (0xc0000005) at pc=0x00007ffb49ea9b67]

VM state: not at safepoint (not fully initialized)

VM Mutex/Monitor currently owned by a thread:  ([mutex/lock_event])
[0x000002e5c92c5a50] Heap_lock - owner thread: 0x000002e5c92c97d0

Heap address: 0x00000000e0000000, size: 512 MB, Compressed Oops mode: 32-bit

CDS archive(s) mapped at: [0x0000000000000000-0x0000000000000000-0x0000000000000000), size 0, SharedBaseAddress: 0x0000000800000000, ArchiveRelocationMode: 1.
Narrow klass base: 0x0000000000000000, Narrow klass shift: 0, Narrow klass range: 0x0

GC Precious Log:
<Empty>

Heap:
 garbage-first heap   total 0K, used 0K [0x00000000e0000000, 0x0000000100000000)
  region size 1024K, 0 young (0K), 0 survivors (0K)

[error occurred during error reporting (printing heap information), id 0xc0000005, EXCEPTION_ACCESS_VIOLATION (0xc0000005) at pc=0x00007ffb4a293859]

GC Heap History (0 events):
No events

Deoptimization events (0 events):
No events

Classes unloaded (0 events):
No events

Classes redefined (0 events):
No events

Internal exceptions (0 events):
No events

VM Operations (0 events):
No events

Events (1 events):
Event: 0.016 Loaded shared library C:\Program Files\Java\jdk-17\bin\java.dll


Dynamic libraries:
0x00007ff650fd0000 - 0x00007ff650fe0000 	C:\Program Files\Java\jdk-17\bin\java.exe
0x00007ffba3ae0000 - 0x00007ffba3ce9000 	C:\WINDOWS\SYSTEM32\ntdll.dll
0x00007ffba2ca0000 - 0x00007ffba2d5e000 	C:\WINDOWS\System32\KERNEL32.DLL
0x00007ffba11f0000 - 0x00007ffba1574000 	C:\WINDOWS\System32\KERNELBASE.dll
0x00007ffba1820000 - 0x00007ffba1931000 	C:\WINDOWS\System32\ucrtbase.dll
0x00007ffb8d270000 - 0x00007ffb8d28b000 	C:\Program Files\Java\jdk-17\bin\VCRUNTIME140.dll
0x00007ffb82670000 - 0x00007ffb82689000 	C:\Program Files\Java\jdk-17\bin\jli.dll
0x00007ffba2bf0000 - 0x00007ffba2c9f000 	C:\WINDOWS\System32\ADVAPI32.dll
0x00007ffba36e0000 - 0x00007ffba3783000 	C:\WINDOWS\System32\msvcrt.dll
0x00007ffba3110000 - 0x00007ffba31ae000 	C:\WINDOWS\System32\sechost.dll
0x00007ffba31b0000 - 0x00007ffba32d1000 	C:\WINDOWS\System32\RPCRT4.dll
0x00007ffba3800000 - 0x00007ffba39ad000 	C:\WINDOWS\System32\USER32.dll
0x00007ffba10a0000 - 0x00007ffba10c6000 	C:\WINDOWS\System32\win32u.dll
0x00007ffba3010000 - 0x00007ffba303a000 	C:\WINDOWS\System32\GDI32.dll
0x00007ffba0f80000 - 0x00007ffba109f000 	C:\WINDOWS\System32\gdi32full.dll
0x00007ffb90fc0000 - 0x00007ffb91265000 	C:\WINDOWS\WinSxS\amd64_microsoft.windows.common-controls_6595b64144ccf1df_6.0.22000.120_none_9d947278b86cc467\COMCTL32.dll
0x00007ffba10d0000 - 0x00007ffba116d000 	C:\WINDOWS\System32\msvcp_win.dll
0x00007ffb93200000 - 0x00007ffb9320a000 	C:\WINDOWS\SYSTEM32\VERSION.dll
0x00007ffba2210000 - 0x00007ffba2241000 	C:\WINDOWS\System32\IMM32.DLL
0x00007ffb993b0000 - 0x00007ffb993bc000 	C:\Program Files\Java\jdk-17\bin\vcruntime140_1.dll
0x00007ffb7ab60000 - 0x00007ffb7abee000 	C:\Program Files\Java\jdk-17\bin\msvcp140.dll
0x00007ffb49bc0000 - 0x00007ffb4a7a0000 	C:\Program Files\Java\jdk-17\bin\server\jvm.dll
0x00007ffba2410000 - 0x00007ffba2418000 	C:\WINDOWS\System32\PSAPI.DLL
0x00007ffb7d3e0000 - 0x00007ffb7d3e9000 	C:\WINDOWS\SYSTEM32\WSOCK32.dll
0x00007ffb97830000 - 0x00007ffb97863000 	C:\WINDOWS\SYSTEM32\WINMM.dll
0x00007ffba39d0000 - 0x00007ffba3a3f000 	C:\WINDOWS\System32\WS2_32.dll
0x00007ffba00b0000 - 0x00007ffba00c8000 	C:\WINDOWS\SYSTEM32\kernel.appcore.dll
0x00007ffb97dd0000 - 0x00007ffb97dda000 	C:\Program Files\Java\jdk-17\bin\jimage.dll
0x00007ffb9b9c0000 - 0x00007ffb9bbe1000 	C:\WINDOWS\SYSTEM32\DBGHELP.DLL
0x00007ffb8afc0000 - 0x00007ffb8aff1000 	C:\WINDOWS\SYSTEM32\dbgcore.DLL
0x00007ffba1170000 - 0x00007ffba11ef000 	C:\WINDOWS\System32\bcryptPrimitives.dll
0x00007ffb8d1a0000 - 0x00007ffb8d1ae000 	C:\Program Files\Java\jdk-17\bin\instrument.dll
0x00007ffb7e170000 - 0x00007ffb7e195000 	C:\Program Files\Java\jdk-17\bin\java.dll

dbghelp: loaded successfully - version: 4.0.5 - missing functions: none
symbol engine: initialized successfully - sym options: 0x614 - pdb path: .;C:\Program Files\Java\jdk-17\bin;C:\WINDOWS\SYSTEM32;C:\WINDOWS\WinSxS\amd64_microsoft.windows.common-controls_6595b64144ccf1df_6.0.22000.120_none_9d947278b86cc467;C:\Program Files\Java\jdk-17\bin\server

VM Arguments:
jvm_args: -Dorg.gradle.internal.worker.tmpdir=D:\Ç×ÇØ99\1ÁÖÂ÷\hhplus-tdd-java\build\tmp\test\work -Dorg.gradle.native=false -javaagent:D:\Ç×ÇØ99\1ÁÖÂ÷\hhplus-tdd-java\build\tmp\.cache\expanded\zip_3a83c50b4a016f281c4e9f3500d16b55\jacocoagent.jar=destfile=build/jacoco/test.exec,append=true,inclnolocationclasses=false,dumponexit=true,output=file,jmx=false -Xmx512m -Dfile.encoding=UTF-8 -Duser.country=KR -Duser.language=ko -Duser.variant -ea 
java_command: worker.org.gradle.process.internal.worker.GradleWorkerMain 'Gradle Test Executor 3'
java_class_path (initial): C:\\Users\\sodlf\\.gradle\\caches\\8.4\\workerMain\\gradle-worker.jar;D:\\í•­í•´99\\1ì£¼ì°¨\\hhplus-tdd-java\\build\\classes\\java\\test;D:\\í•­í•´99\\1ì£¼ì°¨\\hhplus-tdd-java\\build\\classes\\java\\main;D:\\í•­í•´99\\1ì£¼ì°¨\\hhplus-tdd-java\\build\\resources\\main;C:\\Users\\sodlf\\.gradle\\caches\\modules-2\\files-2.1\\org.springframework.boot\\spring-boot-starter-web\\3.2.0\\e609f839e7c2ff9c90bc75d7c05dbcbb19315319\\spring-boot-starter-web-3.2.0.jar;C:\\Users\\sodlf\\.gradle\\caches\\modules-2\\files-2.1\\org.springframework.boot\\spring-boot-starter-test\\3.2.0\\afe5dc428297302f6aefd118aedced224cf2b672\\spring-boot-starter-test-3.2.0.jar;C:\\Users\\sodlf\\.gradle\\caches\\modules-2\\files-2.1\\org.springframework.boot\\spring-boot-starter-json\\3.2.0\\e831483c03433b987cc9c72f8ea67757f9865191\\spring-boot-starter-json-3.2.0.jar;C:\\Users\\sodlf\\.gradle\\caches\\modules-2\\files-2.1\\org.springframework.boot\\spring-boot-starter\\3.2.0\\4d0cc70617a9febbbc6ad81562e930d93f7b2665\\spring-boot-starter-3.2.0.jar;C:\\Users\\sodlf\\.gradle\\caches\\modules-2\\files-2.1\\org.springframework.boot\\spring-boot-starter-tomcat\\3.2.0\\fc758099e394fe5646d9e36883fab38da4b26e22\\spring-boot-starter-tomcat-3.2.0.jar;C:\\Users\\sodlf\\.gradle\\caches\\modules-2\\files-2.1\\org.springframework\\spring-webmvc\\6.1.1\\76c4408b67828aa9656f5955dc2c1c4c0e1b6da3\\spring-webmvc-6.1.1.jar;C:\\Users\\sodlf\\.gradle\\caches\\modules-2\\files-2.1\\org.springframework\\spring-web\\6.1.1\\4eeb5f2edb9f04d00357edcc56b59d3874b3b453\\spring-web-6.1.1.jar;C:\\Users\\sodlf\\.gradle\\caches\\modules-2\\files-2.1\\org.springframework.boot\\spring-boot-test-autoconfigure\\3.2.0\\4d096363d61b38f3a4151c3a4460e7cd92c52ca8\\spring-boot-test-autoconfigure-3.2.0.jar;C:\\Users\\sodlf\\.gradle\\caches\\modules-2\\files-2.1\\org.springframework.boot\\spring-boot-test\\3.2.0\\6233f2d662826923cb87e8b659224c75cac6ed78\\spring-boot-test-3.2.0.jar;C:\\Users\\sodlf\\.gradle\\caches\\modu
Launcher Type: SUN_STANDARD

[Global flags]
     intx CICompilerCount                          = 4                                         {product} {ergonomic}
     uint ConcGCThreads                            = 2                                         {product} {ergonomic}
     uint G1ConcRefinementThreads                  = 8                                         {product} {ergonomic}
   size_t G1HeapRegionSize                         = 1048576                                   {product} {ergonomic}
    uintx GCDrainStackTargetSize                   = 64                                        {product} {ergonomic}
   size_t InitialHeapSize                          = 266338304                                 {product} {ergonomic}
   size_t MarkStackSize                            = 4194304                                   {product} {ergonomic}
   size_t MaxHeapSize                              = 536870912                                 {product} {command line}
   size_t MinHeapDeltaBytes                        = 1048576                                   {product} {ergonomic}
   size_t MinHeapSize                              = 8388608                                   {product} {ergonomic}
    uintx NonNMethodCodeHeapSize                   = 5839372                                {pd product} {ergonomic}
    uintx NonProfiledCodeHeapSize                  = 122909434                              {pd product} {ergonomic}
    uintx ProfiledCodeHeapSize                     = 122909434                              {pd product} {ergonomic}
    uintx ReservedCodeCacheSize                    = 251658240                              {pd product} {ergonomic}
     bool SegmentedCodeCache                       = true                                      {product} {ergonomic}
   size_t SoftMaxHeapSize                          = 536870912                              {manageable} {ergonomic}
     bool UseCompressedClassPointers               = true                           {product lp64_product} {ergonomic}
     bool UseCompressedOops                        = true                           {product lp64_product} {ergonomic}
     bool UseG1GC                                  = true                                      {product} {ergonomic}
     bool UseLargePagesIndividualAllocation        = false                                  {pd product} {ergonomic}

Logging:
Log output configuration:
 #0: stdout all=warning uptime,level,tags
 #1: stderr all=off uptime,level,tags

Environment Variables:
JAVA_HOME=C:\Program Files\Java\jdk1.8.0_251
PATH=C:\Program Files\Common Files\Oracle\Java\javapath;"C:\Program Files (x86)\Common Files\Oracle\Java\javapath;C:\MinGW\bin;";C:\WINDOWS\system32;C:\WINDOWS;C:\WINDOWS\System32\Wbem;C:\WINDOWS\System32\WindowsPowerShell\v1.0\;C:\WINDOWS\System32\OpenSSH\;C:\Program Files\PuTTY\;C:\Program Files\Git\cmd;C:\HashiCorp\Vagrant\bin;C:\Ruby31-x64\bin;C:\Users\sodlf\AppData\Local\Programs\Python\Python38\Scripts\;C:\Users\sodlf\AppData\Local\Programs\Python\Python38\;C:\Users\sodlf\AppData\Local\Microsoft\WindowsApps;C:\Program Files\Bandizip\;C:\Program Files\JetBrains\IntelliJ IDEA 2020.1.2\bin;;C:\Program Files\Java\jdk1.8.0_251\bin;;C:\Users\sodlf\AppData\Local\Programs\Microsoft VS Code\bin;C:\Program Files\JetBrains\IntelliJ IDEA Community Edition 2024.3.2.2\bin;
USERNAME=sodlf
OS=Windows_NT
PROCESSOR_IDENTIFIER=Intel64 Family 6 Model 142 Stepping 12, GenuineIntel



---------------  S Y S T E M  ---------------

OS:
 Windows 11 , 64 bit Build 22000 (10.0.22000.2003)
OS uptime: 66 days 5:21 hours
Hyper-V role detected

CPU: total 8 (initial active 8) (4 cores per cpu, 2 threads per core) family 6 model 142 stepping 12 microcode 0xea, cx8, cmov, fxsr, ht, mmx, 3dnowpref, sse, sse2, sse3, ssse3, sse4.1, sse4.2, popcnt, lzcnt, tsc, tscinvbit, avx, avx2, aes, erms, clmul, bmi1, bmi2, adx, fma, vzeroupper, clflush, clflushopt, hv

Memory: 4k page, system-wide physical 16185M (2556M free)
TotalPageFile size 20844M (AvailPageFile size 90M)
current process WorkingSet (physical memory assigned to process): 10M, peak: 10M
current process commit charge ("private bytes"): 59M, peak: 313M

vm_info: Java HotSpot(TM) 64-Bit Server VM (17.0.12+8-LTS-286) for windows-amd64 JRE (17.0.12+8-LTS-286), built on Jun  5 2024 06:46:59 by "mach5one" with MS VC++ 17.6 (VS2022)

END.
